<?xml version="1.0" encoding="UTF-8"?>
<testng-results ignored="0" total="10" passed="10" failed="0" skipped="0">
  <reporter-output>
  </reporter-output>
  <suite started-at="2024-12-28T13:38:03 IST" name="Default suite" finished-at="2024-12-28T13:38:18 IST" duration-ms="15415">
    <groups>
    </groups>
    <test started-at="2024-12-28T13:38:03 IST" name="Default test" finished-at="2024-12-28T13:38:18 IST" duration-ms="15415">
      <class name="TelecomeAPI.TelecomeAPI">
        <test-method is-config="true" signature="setup()[pri:0, instance:TelecomeAPI.TelecomeAPI@36fc695d]" started-at="2024-12-28T13:38:03 IST" name="setup" finished-at="2024-12-28T13:38:03 IST" duration-ms="635" status="PASS">
          <reporter-output>
          </reporter-output>
        </test-method> <!-- setup -->
        <test-method signature="addNewUser()[pri:1, instance:TelecomeAPI.TelecomeAPI@36fc695d]" started-at="2024-12-28T13:38:03 IST" name="addNewUser" finished-at="2024-12-28T13:38:07 IST" duration-ms="3356" status="PASS">
          <reporter-output>
          </reporter-output>
        </test-method> <!-- addNewUser -->
        <test-method signature="getProfile()[pri:2, instance:TelecomeAPI.TelecomeAPI@36fc695d]" started-at="2024-12-28T13:38:07 IST" name="getProfile" finished-at="2024-12-28T13:38:08 IST" depends-on-methods="TelecomeAPI.TelecomeAPI.addNewUser" duration-ms="1228" status="PASS">
          <reporter-output>
          </reporter-output>
        </test-method> <!-- getProfile -->
        <test-method signature="updateUser()[pri:3, instance:TelecomeAPI.TelecomeAPI@36fc695d]" started-at="2024-12-28T13:38:08 IST" name="updateUser" finished-at="2024-12-28T13:38:09 IST" depends-on-methods="TelecomeAPI.TelecomeAPI.getProfile" duration-ms="1227" status="PASS">
          <reporter-output>
          </reporter-output>
        </test-method> <!-- updateUser -->
        <test-method signature="loginUser()[pri:4, instance:TelecomeAPI.TelecomeAPI@36fc695d]" started-at="2024-12-28T13:38:09 IST" name="loginUser" finished-at="2024-12-28T13:38:10 IST" depends-on-methods="TelecomeAPI.TelecomeAPI.updateUser" duration-ms="1188" status="PASS">
          <reporter-output>
          </reporter-output>
        </test-method> <!-- loginUser -->
        <test-method signature="addContact()[pri:5, instance:TelecomeAPI.TelecomeAPI@36fc695d]" started-at="2024-12-28T13:38:10 IST" name="addContact" finished-at="2024-12-28T13:38:11 IST" depends-on-methods="TelecomeAPI.TelecomeAPI.loginUser" duration-ms="1225" status="PASS">
          <reporter-output>
          </reporter-output>
        </test-method> <!-- addContact -->
        <test-method signature="getContactList()[pri:6, instance:TelecomeAPI.TelecomeAPI@36fc695d]" started-at="2024-12-28T13:38:11 IST" name="getContactList" finished-at="2024-12-28T13:38:13 IST" depends-on-methods="TelecomeAPI.TelecomeAPI.addContact" duration-ms="1149" status="PASS">
          <reporter-output>
          </reporter-output>
        </test-method> <!-- getContactList -->
        <test-method signature="getContact()[pri:7, instance:TelecomeAPI.TelecomeAPI@36fc695d]" started-at="2024-12-28T13:38:13 IST" name="getContact" finished-at="2024-12-28T13:38:14 IST" depends-on-methods="TelecomeAPI.TelecomeAPI.getContactList" duration-ms="1172" status="PASS">
          <reporter-output>
          </reporter-output>
        </test-method> <!-- getContact -->
        <test-method signature="updateContact()[pri:8, instance:TelecomeAPI.TelecomeAPI@36fc695d]" started-at="2024-12-28T13:38:14 IST" name="updateContact" finished-at="2024-12-28T13:38:15 IST" depends-on-methods="TelecomeAPI.TelecomeAPI.getContact" duration-ms="1373" status="PASS">
          <reporter-output>
          </reporter-output>
        </test-method> <!-- updateContact -->
        <test-method signature="updateContactpatch()[pri:9, instance:TelecomeAPI.TelecomeAPI@36fc695d]" started-at="2024-12-28T13:38:15 IST" name="updateContactpatch" finished-at="2024-12-28T13:38:16 IST" depends-on-methods="TelecomeAPI.TelecomeAPI.updateContact" duration-ms="1246" status="PASS">
          <reporter-output>
          </reporter-output>
        </test-method> <!-- updateContactpatch -->
        <test-method signature="logoutUser()[pri:10, instance:TelecomeAPI.TelecomeAPI@36fc695d]" started-at="2024-12-28T13:38:16 IST" name="logoutUser" finished-at="2024-12-28T13:38:18 IST" depends-on-methods="TelecomeAPI.TelecomeAPI.updateContactpatch" duration-ms="1182" status="PASS">
          <reporter-output>
          </reporter-output>
        </test-method> <!-- logoutUser -->
        <test-method is-config="true" signature="tearDown()[pri:0, instance:TelecomeAPI.TelecomeAPI@36fc695d]" started-at="2024-12-28T13:38:18 IST" name="tearDown" finished-at="2024-12-28T13:38:18 IST" duration-ms="359" status="PASS">
          <reporter-output>
          </reporter-output>
        </test-method> <!-- tearDown -->
      </class> <!-- TelecomeAPI.TelecomeAPI -->
    </test> <!-- Default test -->
  </suite> <!-- Default suite -->
</testng-results>
